<?xml version="1.0" encoding="UTF-8"?>
<testng-results ignored="0" total="1" passed="1" failed="0" skipped="0">
  <reporter-output>
  </reporter-output>
  <suite started-at="2024-06-27T11:51:39 IST" name="Default suite" finished-at="2024-06-27T11:52:30 IST" duration-ms="50717">
    <groups>
    </groups>
    <test started-at="2024-06-27T11:51:39 IST" name="Default test" finished-at="2024-06-27T11:52:30 IST" duration-ms="50717">
      <class name="tests.Example_WebTable">
        <test-method signature="readWebTable()[pri:0, instance:tests.Example_WebTable@3270d194]" started-at="2024-06-27T11:51:39 IST" name="readWebTable" finished-at="2024-06-27T11:52:30 IST" duration-ms="50630" status="PASS">
          <reporter-output>
          </reporter-output>
        </test-method> <!-- readWebTable -->
      </class> <!-- tests.Example_WebTable -->
    </test> <!-- Default test -->
  </suite> <!-- Default suite -->
</testng-results>
